# JRE version: Java(TM) SE Runtime Environment (8.0_121-b13) (build 1.8.0_121-b13)
# Java VM: Java HotSpot(TM) 64-Bit Server VM (25.121-b13 mixed mode windows-amd64 compressed oops)
Heap:
 PSYoungGen      total 180224K, used 52638K [0x00000000e0000000, 0x00000000ee900000, 0x0000000100000000)
  eden space 152576K, 30% used [0x00000000e0000000,0x00000000e2d1b310,0x00000000e9500000)
  from space 27648K, 23% used [0x00000000e9500000,0x00000000e9b4c720,0x00000000eb000000)
  to   space 27648K, 0% used [0x00000000ece00000,0x00000000ece00000,0x00000000ee900000)
 ParOldGen       total 97280K, used 83115K [0x00000000a0000000, 0x00000000a5f00000, 0x00000000e0000000)
  object space 97280K, 85% used [0x00000000a0000000,0x00000000a512acd8,0x00000000a5f00000)
 Metaspace       used 86300K, capacity 90054K, committed 90112K, reserved 1128448K
  class space    used 11256K, capacity 12020K, committed 12032K, reserved 1048576K
GC Heap History (10 events):
Event: 174.533 GC heap before
{Heap before GC invocations=37 (full 3):
 PSYoungGen      total 178176K, used 166050K [0x00000000e0000000, 0x00000000edd80000, 0x0000000100000000)
  eden space 150528K, 100% used [0x00000000e0000000,0x00000000e9300000,0x00000000e9300000)
  from space 27648K, 56% used [0x00000000e9300000,0x00000000ea228b98,0x00000000eae00000)
  to   space 27136K, 0% used [0x00000000ec300000,0x00000000ec300000,0x00000000edd80000)
 ParOldGen       total 97280K, used 63311K [0x00000000a0000000, 0x00000000a5f00000, 0x00000000e0000000)
  object space 97280K, 65% used [0x00000000a0000000,0x00000000a3dd3ce0,0x00000000a5f00000)
 Metaspace       used 81863K, capacity 85240K, committed 85376K, reserved 1122304K
  class space    used 10810K, capacity 11529K, committed 11648K, reserved 1048576K
Event: 174.604 GC heap after
Heap after GC invocations=37 (full 3):
 PSYoungGen      total 196608K, used 26072K [0x00000000e0000000, 0x00000000ee380000, 0x0000000100000000)
  eden space 169472K, 0% used [0x00000000e0000000,0x00000000e0000000,0x00000000ea580000)
  from space 27136K, 96% used [0x00000000ec300000,0x00000000edc76080,0x00000000edd80000)
  to   space 30208K, 0% used [0x00000000ea580000,0x00000000ea580000,0x00000000ec300000)
 ParOldGen       total 97280K, used 68388K [0x00000000a0000000, 0x00000000a5f00000, 0x00000000e0000000)
  object space 97280K, 70% used [0x00000000a0000000,0x00000000a42c9020,0x00000000a5f00000)
 Metaspace       used 81863K, capacity 85240K, committed 85376K, reserved 1122304K
  class space    used 10810K, capacity 11529K, committed 11648K, reserved 1048576K
}
Event: 908.158 GC heap before
{Heap before GC invocations=38 (full 3):
 PSYoungGen      total 196608K, used 195544K [0x00000000e0000000, 0x00000000ee380000, 0x0000000100000000)
  eden space 169472K, 100% used [0x00000000e0000000,0x00000000ea580000,0x00000000ea580000)
  from space 27136K, 96% used [0x00000000ec300000,0x00000000edc76080,0x00000000edd80000)
  to   space 30208K, 0% used [0x00000000ea580000,0x00000000ea580000,0x00000000ec300000)
 ParOldGen       total 97280K, used 68388K [0x00000000a0000000, 0x00000000a5f00000, 0x00000000e0000000)
  object space 97280K, 70% used [0x00000000a0000000,0x00000000a42c9020,0x00000000a5f00000)
 Metaspace       used 84562K, capacity 88196K, committed 88448K, reserved 1126400K
  class space    used 11082K, capacity 11849K, committed 11904K, reserved 1048576K
Event: 908.174 GC heap after
Heap after GC invocations=38 (full 3):
 PSYoungGen      total 173056K, used 9379K [0x00000000e0000000, 0x00000000ed980000, 0x0000000100000000)
  eden space 163328K, 0% used [0x00000000e0000000,0x00000000e0000000,0x00000000e9f80000)
  from space 9728K, 96% used [0x00000000ea580000,0x00000000eaea8ce8,0x00000000eaf00000)
  to   space 29696K, 0% used [0x00000000ebc80000,0x00000000ebc80000,0x00000000ed980000)
 ParOldGen       total 97280K, used 70311K [0x00000000a0000000, 0x00000000a5f00000, 0x00000000e0000000)
  object space 97280K, 72% used [0x00000000a0000000,0x00000000a44a9ea0,0x00000000a5f00000)
 Metaspace       used 84562K, capacity 88196K, committed 88448K, reserved 1126400K
  class space    used 11082K, capacity 11849K, committed 11904K, reserved 1048576K
}
Event: 1181.655 GC heap before
{Heap before GC invocations=39 (full 3):
 PSYoungGen      total 173056K, used 172707K [0x00000000e0000000, 0x00000000ed980000, 0x0000000100000000)
  eden space 163328K, 100% used [0x00000000e0000000,0x00000000e9f80000,0x00000000e9f80000)
  from space 9728K, 96% used [0x00000000ea580000,0x00000000eaea8ce8,0x00000000eaf00000)
  to   space 29696K, 0% used [0x00000000ebc80000,0x00000000ebc80000,0x00000000ed980000)
 ParOldGen       total 97280K, used 70311K [0x00000000a0000000, 0x00000000a5f00000, 0x00000000e0000000)
  object space 97280K, 72% used [0x00000000a0000000,0x00000000a44a9ea0,0x00000000a5f00000)
 Metaspace       used 85778K, capacity 89486K, committed 89600K, reserved 1126400K
  class space    used 11206K, capacity 11982K, committed 12032K, reserved 1048576K
Event: 1181.685 GC heap after
Heap after GC invocations=39 (full 3):
 PSYoungGen      total 180736K, used 7392K [0x00000000e0000000, 0x00000000ed300000, 0x0000000100000000)
  eden space 157696K, 0% used [0x00000000e0000000,0x00000000e0000000,0x00000000e9a00000)
  from space 23040K, 32% used [0x00000000ebc80000,0x00000000ec3b82e0,0x00000000ed300000)
  to   space 29184K, 0% used [0x00000000e9a00000,0x00000000e9a00000,0x00000000eb680000)
 ParOldGen       total 97280K, used 71407K [0x00000000a0000000, 0x00000000a5f00000, 0x00000000e0000000)
  object space 97280K, 73% used [0x00000000a0000000,0x00000000a45bbfc0,0x00000000a5f00000)
 Metaspace       used 85778K, capacity 89486K, committed 89600K, reserved 1126400K
  class space    used 11206K, capacity 11982K, committed 12032K, reserved 1048576K
}
Event: 1183.918 GC heap before
{Heap before GC invocations=40 (full 3):
 PSYoungGen      total 180736K, used 165088K [0x00000000e0000000, 0x00000000ed300000, 0x0000000100000000)
  eden space 157696K, 100% used [0x00000000e0000000,0x00000000e9a00000,0x00000000e9a00000)
  from space 23040K, 32% used [0x00000000ebc80000,0x00000000ec3b82e0,0x00000000ed300000)
  to   space 29184K, 0% used [0x00000000e9a00000,0x00000000e9a00000,0x00000000eb680000)
 ParOldGen       total 97280K, used 71407K [0x00000000a0000000, 0x00000000a5f00000, 0x00000000e0000000)
  object space 97280K, 73% used [0x00000000a0000000,0x00000000a45bbfc0,0x00000000a5f00000)
 Metaspace       used 86244K, capacity 89990K, committed 90112K, reserved 1128448K
  class space    used 11256K, capacity 12020K, committed 12032K, reserved 1048576K
Event: 1183.943 GC heap after
Heap after GC invocations=40 (full 3):
 PSYoungGen      total 167424K, used 14912K [0x00000000e0000000, 0x00000000ecb80000, 0x0000000100000000)
  eden space 152064K, 0% used [0x00000000e0000000,0x00000000e0000000,0x00000000e9480000)
  from space 15360K, 97% used [0x00000000e9a00000,0x00000000ea8902d0,0x00000000ea900000)
  to   space 28160K, 0% used [0x00000000eb000000,0x00000000eb000000,0x00000000ecb80000)
 ParOldGen       total 97280K, used 71407K [0x00000000a0000000, 0x00000000a5f00000, 0x00000000e0000000)
  object space 97280K, 73% used [0x00000000a0000000,0x00000000a45bbfc0,0x00000000a5f00000)
 Metaspace       used 86244K, capacity 89990K, committed 90112K, reserved 1128448K
  class space    used 11256K, capacity 12020K, committed 12032K, reserved 1048576K
}
Event: 1184.383 GC heap before
{Heap before GC invocations=41 (full 3):
 PSYoungGen      total 167424K, used 166976K [0x00000000e0000000, 0x00000000ecb80000, 0x0000000100000000)
  eden space 152064K, 100% used [0x00000000e0000000,0x00000000e9480000,0x00000000e9480000)
  from space 15360K, 97% used [0x00000000e9a00000,0x00000000ea8902d0,0x00000000ea900000)
  to   space 28160K, 0% used [0x00000000eb000000,0x00000000eb000000,0x00000000ecb80000)
 ParOldGen       total 97280K, used 71407K [0x00000000a0000000, 0x00000000a5f00000, 0x00000000e0000000)
  object space 97280K, 73% used [0x00000000a0000000,0x00000000a45bbfc0,0x00000000a5f00000)
 Metaspace       used 86249K, capacity 89990K, committed 90112K, reserved 1128448K
  class space    used 11256K, capacity 12020K, committed 12032K, reserved 1048576K
Event: 1184.410 GC heap after
Heap after GC invocations=41 (full 3):
 PSYoungGen      total 180736K, used 8086K [0x00000000e0000000, 0x00000000ee680000, 0x0000000100000000)
  eden space 152576K, 0% used [0x00000000e0000000,0x00000000e0000000,0x00000000e9500000)
  from space 28160K, 28% used [0x00000000eb000000,0x00000000eb7e5b00,0x00000000ecb80000)
  to   space 27648K, 0% used [0x00000000e9500000,0x00000000e9500000,0x00000000eb000000)
 ParOldGen       total 97280K, used 77623K [0x00000000a0000000, 0x00000000a5f00000, 0x00000000e0000000)
  object space 97280K, 79% used [0x00000000a0000000,0x00000000a4bcdf80,0x00000000a5f00000)
 Metaspace       used 86249K, capacity 89990K, committed 90112K, reserved 1128448K
  class space    used 11256K, capacity 12020K, committed 12032K, reserved 1048576K
}

